<?xml version="1.0" encoding="UTF-8"?>
<!-- Generated by org.testng.reporters.JUnitReportReporter -->
<testsuite hostname="LAPTOP-VGBFU46S" failures="0" tests="1" name="com.learning.march23.TestCaseOne" time="11.559" errors="0" timestamp="2023-03-23T12:48:20 PDT" skipped="0">
  <testcase classname="com.learning.march23.TestCaseOne" name="test" time="11.559"/>
  <system-out/>
</testsuite> <!-- com.learning.march23.TestCaseOne -->
